build/outputs/logs/manifest-merger-debug-report.txt
-- Merging decision tree log ---
manifest
ADDED from src/main/AndroidManifest.xml:2:1-73:12
INJECTED from src/main/AndroidManifest.xml:2:1-73:12
INJECTED from src/main/AndroidManifest.xml:2:1-73:12
INJECTED from src/main/AndroidManifest.xml:2:1-73:12
MERGED from [com.android.support:design:23.0.0] AndroidManifest.xml:17:1-24:12
MERGED from [com.android.support:appcompat-v7:23.0.0] AndroidManifest.xml:17:1-24:12
MERGED from [com.android.support:recyclerview-v7:23.0.0] AndroidManifest.xml:17:1-22:12
MERGED from [com.android.support:cardview-v7:23.0.0] AndroidManifest.xml:17:1-24:12
MERGED from [:MaterialDesignDialoglibrary] AndroidManifest.xml:2:1-12:12
MERGED from [com.android.support.constraint:constraint-layout:1.0.2] AndroidManifest.xml:2:1-11:12
MERGED from [com.android.support:support-v4:23.0.0] AndroidManifest.xml:17:1-24:12
INJECTED from src/main/AndroidManifest.xml:2:1-73:12
INJECTED from src/main/AndroidManifest.xml:2:1-73:12
INJECTED from src/main/AndroidManifest.xml:2:1-73:12
	package
		ADDED from src/main/AndroidManifest.xml:3:5-44
		INJECTED from src/main/AndroidManifest.xml
		INJECTED from src/main/AndroidManifest.xml
	android:versionName
		INJECTED from src/main/AndroidManifest.xml
		INJECTED from src/main/AndroidManifest.xml
	android:versionCode
		INJECTED from src/main/AndroidManifest.xml
		INJECTED from src/main/AndroidManifest.xml
	xmlns:android
		ADDED from src/main/AndroidManifest.xml:2:11-69
uses-feature#android.hardware.bluetooth_le
ADDED from src/main/AndroidManifest.xml:5:5-7:35
	android:required
		ADDED from src/main/AndroidManifest.xml:7:9-32
	android:name
		ADDED from src/main/AndroidManifest.xml:6:9-53
uses-permission#android.permission.ACCESS_FINE_LOCATION
ADDED from src/main/AndroidManifest.xml:9:5-79
	android:name
		ADDED from src/main/AndroidManifest.xml:9:22-76
uses-permission#android.permission.ACCESS_COARSE_LOCATION
ADDED from src/main/AndroidManifest.xml:10:5-81
	android:name
		ADDED from src/main/AndroidManifest.xml:10:22-78
uses-permission#android.permission.BLUETOOTH
ADDED from src/main/AndroidManifest.xml:11:5-68
	android:name
		ADDED from src/main/AndroidManifest.xml:11:22-65
uses-permission#android.permission.BLUETOOTH_ADMIN
ADDED from src/main/AndroidManifest.xml:12:5-74
	android:name
		ADDED from src/main/AndroidManifest.xml:12:22-71
uses-permission#android.permission.WRITE_EXTERNAL_STORAGE
ADDED from src/main/AndroidManifest.xml:13:5-81
	android:name
		ADDED from src/main/AndroidManifest.xml:13:22-78
uses-permission#android.permission.READ_EXTERNAL_STORAGE
ADDED from src/main/AndroidManifest.xml:14:5-80
	android:name
		ADDED from src/main/AndroidManifest.xml:14:22-77
uses-permission#android.permission.INTERNET
ADDED from src/main/AndroidManifest.xml:15:5-67
	android:name
		ADDED from src/main/AndroidManifest.xml:15:22-64
uses-permission#android.permission.GET_ACCOUNTS
ADDED from src/main/AndroidManifest.xml:19:5-71
	android:name
		ADDED from src/main/AndroidManifest.xml:19:22-68
uses-permission#android.permission.READ_PROFILE
ADDED from src/main/AndroidManifest.xml:20:5-71
	android:name
		ADDED from src/main/AndroidManifest.xml:20:22-68
uses-permission#android.permission.READ_CONTACTS
ADDED from src/main/AndroidManifest.xml:21:5-72
	android:name
		ADDED from src/main/AndroidManifest.xml:21:22-69
application
ADDED from src/main/AndroidManifest.xml:23:5-71:19
MERGED from [com.android.support:design:23.0.0] AndroidManifest.xml:22:5-20
MERGED from [com.android.support:design:23.0.0] AndroidManifest.xml:22:5-20
MERGED from [com.android.support:appcompat-v7:23.0.0] AndroidManifest.xml:22:5-20
MERGED from [com.android.support:appcompat-v7:23.0.0] AndroidManifest.xml:22:5-20
MERGED from [com.android.support:cardview-v7:23.0.0] AndroidManifest.xml:22:5-20
MERGED from [com.android.support:cardview-v7:23.0.0] AndroidManifest.xml:22:5-20
MERGED from [com.android.support.constraint:constraint-layout:1.0.2] AndroidManifest.xml:9:5-20
MERGED from [com.android.support.constraint:constraint-layout:1.0.2] AndroidManifest.xml:9:5-20
MERGED from [com.android.support:support-v4:23.0.0] AndroidManifest.xml:22:5-20
MERGED from [com.android.support:support-v4:23.0.0] AndroidManifest.xml:22:5-20
	android:supportsRtl
		ADDED from src/main/AndroidManifest.xml:28:9-35
	android:label
		ADDED from src/main/AndroidManifest.xml:27:9-41
	android:icon
		ADDED from src/main/AndroidManifest.xml:26:9-43
	android:allowBackup
		ADDED from src/main/AndroidManifest.xml:25:9-35
	android:theme
		ADDED from src/main/AndroidManifest.xml:29:9-40
	android:name
		ADDED from src/main/AndroidManifest.xml:24:9-38
activity#com.usr.usrsimplebleassistent.MainActivity
ADDED from src/main/AndroidManifest.xml:30:9-39:20
	android:screenOrientation
		ADDED from src/main/AndroidManifest.xml:32:13-49
	android:theme
		ADDED from src/main/AndroidManifest.xml:33:13-59
	android:name
		ADDED from src/main/AndroidManifest.xml:31:13-41
intent-filter#android.intent.action.MAIN+android.intent.category.LAUNCHER
ADDED from src/main/AndroidManifest.xml:34:13-38:29
action#android.intent.action.MAIN
ADDED from src/main/AndroidManifest.xml:35:17-69
	android:name
		ADDED from src/main/AndroidManifest.xml:35:25-66
category#android.intent.category.LAUNCHER
ADDED from src/main/AndroidManifest.xml:37:17-77
	android:name
		ADDED from src/main/AndroidManifest.xml:37:27-74
service#com.usr.usrsimplebleassistent.BlueToothLeService.BluetoothLeService
ADDED from src/main/AndroidManifest.xml:41:9-43:38
	android:enabled
		ADDED from src/main/AndroidManifest.xml:43:13-35
	android:name
		ADDED from src/main/AndroidManifest.xml:42:13-66
activity#com.usr.usrsimplebleassistent.ServicesActivity
ADDED from src/main/AndroidManifest.xml:45:9-49:62
	android:screenOrientation
		ADDED from src/main/AndroidManifest.xml:48:13-49
	android:label
		ADDED from src/main/AndroidManifest.xml:47:13-60
	android:theme
		ADDED from src/main/AndroidManifest.xml:49:13-59
	android:name
		ADDED from src/main/AndroidManifest.xml:46:13-45
activity#com.usr.usrsimplebleassistent.CharacteristicsActivity
ADDED from src/main/AndroidManifest.xml:50:9-54:62
	android:screenOrientation
		ADDED from src/main/AndroidManifest.xml:53:13-49
	android:label
		ADDED from src/main/AndroidManifest.xml:52:13-66
	android:theme
		ADDED from src/main/AndroidManifest.xml:54:13-59
	android:name
		ADDED from src/main/AndroidManifest.xml:51:13-52
activity#com.usr.usrsimplebleassistent.GattDetailActivity
ADDED from src/main/AndroidManifest.xml:55:9-60:57
	android:screenOrientation
		ADDED from src/main/AndroidManifest.xml:58:13-49
	android:label
		ADDED from src/main/AndroidManifest.xml:57:13-29
	android:windowSoftInputMode
		ADDED from src/main/AndroidManifest.xml:60:13-54
	android:theme
		ADDED from src/main/AndroidManifest.xml:59:13-59
	android:name
		ADDED from src/main/AndroidManifest.xml:56:13-47
activity#com.usr.usrsimplebleassistent.LoginActivity
ADDED from src/main/AndroidManifest.xml:61:9-63:60
	android:label
		ADDED from src/main/AndroidManifest.xml:63:13-57
	android:name
		ADDED from src/main/AndroidManifest.xml:62:13-42
activity#com.usr.usrsimplebleassistent.RegistActivity
ADDED from src/main/AndroidManifest.xml:64:9-66:61
	android:label
		ADDED from src/main/AndroidManifest.xml:66:13-58
	android:name
		ADDED from src/main/AndroidManifest.xml:65:13-43
activity#com.usr.usrsimplebleassistent.DianchiInfoShowerActivity
ADDED from src/main/AndroidManifest.xml:67:9-63
	android:name
		ADDED from src/main/AndroidManifest.xml:67:19-60
activity#com.usr.usrsimplebleassistent.GongjuInfoShowerActivity
ADDED from src/main/AndroidManifest.xml:68:9-62
	android:name
		ADDED from src/main/AndroidManifest.xml:68:19-59
activity#com.usr.usrsimplebleassistent.WaisheInfoShowerActivity
ADDED from src/main/AndroidManifest.xml:69:9-62
	android:name
		ADDED from src/main/AndroidManifest.xml:69:19-59
activity#com.usr.usrsimplebleassistent.views.ButtonsDIYSetting
ADDED from src/main/AndroidManifest.xml:70:9-70
	android:name
		ADDED from src/main/AndroidManifest.xml:70:19-58
uses-sdk
INJECTED from src/main/AndroidManifest.xml reason: use-sdk injection requested
INJECTED from src/main/AndroidManifest.xml
INJECTED from src/main/AndroidManifest.xml
MERGED from [com.android.support:design:23.0.0] AndroidManifest.xml:20:5-43
MERGED from [com.android.support:design:23.0.0] AndroidManifest.xml:20:5-43
MERGED from [com.android.support:appcompat-v7:23.0.0] AndroidManifest.xml:20:5-43
MERGED from [com.android.support:appcompat-v7:23.0.0] AndroidManifest.xml:20:5-43
MERGED from [com.android.support:recyclerview-v7:23.0.0] AndroidManifest.xml:20:5-43
MERGED from [com.android.support:recyclerview-v7:23.0.0] AndroidManifest.xml:20:5-43
MERGED from [com.android.support:cardview-v7:23.0.0] AndroidManifest.xml:20:5-43
MERGED from [com.android.support:cardview-v7:23.0.0] AndroidManifest.xml:20:5-43
MERGED from [:MaterialDesignDialoglibrary] AndroidManifest.xml:8:5-10:41
MERGED from [:MaterialDesignDialoglibrary] AndroidManifest.xml:8:5-10:41
MERGED from [com.android.support.constraint:constraint-layout:1.0.2] AndroidManifest.xml:5:5-7:41
MERGED from [com.android.support.constraint:constraint-layout:1.0.2] AndroidManifest.xml:5:5-7:41
MERGED from [com.android.support:support-v4:23.0.0] AndroidManifest.xml:20:5-43
MERGED from [com.android.support:support-v4:23.0.0] AndroidManifest.xml:20:5-43
INJECTED from src/main/AndroidManifest.xml
INJECTED from src/main/AndroidManifest.xml
	android:targetSdkVersion
		INJECTED from src/main/AndroidManifest.xml
		INJECTED from src/main/AndroidManifest.xml
	android:minSdkVersion
		INJECTED from src/main/AndroidManifest.xml
		INJECTED from src/main/AndroidManifest.xml